<?xml version="1.0" encoding="UTF-8"?>
<!-- Generated by org.testng.reporters.JUnitReportReporter -->
<testsuite hostname="ITWS37" failures="0" tests="5" name="com.lbrce.devops.UserAuthenticationTest" time="0.019" errors="0" timestamp="2023-10-27T14:26:05 IST" skipped="0">
  <testcase classname="com.lbrce.devops.UserAuthenticationTest" name="testCase2" time="0.001"/>
  <testcase classname="com.lbrce.devops.UserAuthenticationTest" name="testCase1" time="0.018"/>
  <testcase classname="com.lbrce.devops.UserAuthenticationTest" name="testCase5" time="0.000"/>
  <testcase classname="com.lbrce.devops.UserAuthenticationTest" name="testCase4" time="0.000"/>
  <testcase classname="com.lbrce.devops.UserAuthenticationTest" name="testCase3" time="0.000"/>
</testsuite> <!-- com.lbrce.devops.UserAuthenticationTest -->
